Arguments: 
  /Users/rsbear/.nvm/versions/node/v12.16.1/bin/node /usr/local/Cellar/yarn/1.22.10/libexec/bin/yarn.js add --dev @typescript

PATH: 
  /Users/rsbear/.helm/bin:/Users/rsbear/.helm:/Users/rsbear/.nvm/versions/node/v12.16.1/bin:/Users/rsbear/.yarn/bin:/Users/rsbear/.config/yarn/global/node_modules/.bin:/usr/local/bin:/Users/rsbear/.cargo/bin:/usr/local/bin:/usr/bin:/bin:/usr/sbin:/sbin:/usr/local/go/bin:/Applications/Postgres.app/Contents/Versions/latest/bin:/Users/rsbear/go/bin:/Users/rsbear/go/bin:/Users/rsbear/.spawnctl/bin:/usr/local/opt/fzf/bin:/Users/rsbear/bin

Yarn version: 
  1.22.10

Node version: 
  12.16.1

Platform: 
  darwin x64

Trace: 
  Error: https://registry.yarnpkg.com/@typescript: Request "https://registry.yarnpkg.com/@typescript" returned a 405
      at Request.params.callback [as _callback] (/usr/local/Cellar/yarn/1.22.10/libexec/lib/cli.js:66997:18)
      at Request.self.callback (/usr/local/Cellar/yarn/1.22.10/libexec/lib/cli.js:140749:22)
      at Request.emit (events.js:311:20)
      at Request.<anonymous> (/usr/local/Cellar/yarn/1.22.10/libexec/lib/cli.js:141721:10)
      at Request.emit (events.js:311:20)
      at IncomingMessage.<anonymous> (/usr/local/Cellar/yarn/1.22.10/libexec/lib/cli.js:141643:12)
      at Object.onceWrapper (events.js:417:28)
      at IncomingMessage.emit (events.js:323:22)
      at endReadableNT (_stream_readable.js:1204:12)
      at processTicksAndRejections (internal/process/task_queues.js:84:21)

npm manifest: 
  {
  	"name": "typefeel-gql",
  	"version": "1.0.0",
  	"main": "index.js",
  	"license": "MIT",
  	"scripts": {
  		"generate:schema": "node node_modules/@rsbear/gp-schematic/dist/index.js --input=prisma/schema.prisma --output=./src/schema/base.graphql"
  	},
  	"dependencies": {
  		"@benzene/http": "^0.4.0",
  		"@graphql-tools/schema": "^8.0.1",
  		"@prisma/client": "^2.28.0",
  		"graphql": "^15.5.1"
  	},
  	"devDependencies": {
  		"@rsbear/gp-schematic": "^0.0.20",
  		"prisma": "^2.28.0"
  	}
  }

yarn manifest: 
  No manifest

Lockfile: 
  # THIS IS AN AUTOGENERATED FILE. DO NOT EDIT THIS FILE DIRECTLY.
  # yarn lockfile v1
  
  
  "@benzene/core@^0.8.0":
    version "0.8.0"
    resolved "https://registry.yarnpkg.com/@benzene/core/-/core-0.8.0.tgz#a7804ad2d125b664f6868fa5f9657a05a2716306"
    integrity sha512-LEORbjTcfacRdkG6OFKt2Zq6i8sun6F+iPImVV/k2jfjD9UxHVA13TcZMdS+uTsNKhc+dph3jg0lv9pI7oeUdg==
    dependencies:
      tiny-lru "^7.0.6"
  
  "@benzene/http@^0.4.0":
    version "0.4.0"
    resolved "https://registry.yarnpkg.com/@benzene/http/-/http-0.4.0.tgz#b98c1f31f5b84ea7bfba42df937db552dafbeeec"
    integrity sha512-dIb46LQWMudiAuERp6BOuaxxW0McA60nOlDeBKD40KrHXH6Beqimr9dS5uHfeezPacjgc4WJJj68F/g5Af8ZQA==
    dependencies:
      "@benzene/core" "^0.8.0"
  
  "@graphql-tools/merge@6.2.16":
    version "6.2.16"
    resolved "https://registry.yarnpkg.com/@graphql-tools/merge/-/merge-6.2.16.tgz#5dd5f582075c21ef4d74ef84dfcc4e8d0c2db186"
    integrity sha512-KjZ1pppzKcr2Uspgb53p8uw5yhWVuGIL+sEroar7vLsClSsuiGib8OKVICAGWjC9wrCxGaL9SjJGavfXpJMQIg==
    dependencies:
      "@graphql-tools/schema" "^8.0.1"
      "@graphql-tools/utils" "8.0.1"
      tslib "~2.3.0"
  
  "@graphql-tools/schema@^8.0.1":
    version "8.0.1"
    resolved "https://registry.yarnpkg.com/@graphql-tools/schema/-/schema-8.0.1.tgz#178b734f3784e632a76bdd144ffa8a32169a6f4a"
    integrity sha512-QG2HGLJjmsNc1wcj+rwZTEArgfMp7rsrb8iVq4P8ce1mDYAt6kRV6bLyPVb9q/j8Ik2zBc/B/Y1jPsnAVUHwdA==
    dependencies:
      "@graphql-tools/merge" "6.2.16"
      "@graphql-tools/utils" "8.0.1"
      tslib "~2.3.0"
      value-or-promise "1.0.10"
  
  "@graphql-tools/utils@8.0.1":
    version "8.0.1"
    resolved "https://registry.yarnpkg.com/@graphql-tools/utils/-/utils-8.0.1.tgz#bf09e8d6d17c4a0830f0fbf2c69dd725de19058c"
    integrity sha512-gjQk6sht4b0/hcG+QEVxfMyO8bn5tuU1nIOVhQ4whgFaUmrnb3hx2mwzz1EJzfIOAuHKE8tY0lu6jt3bGTD4yg==
    dependencies:
      tslib "~2.3.0"
  
  "@prisma/client@^2.28.0":
    version "2.28.0"
    resolved "https://registry.yarnpkg.com/@prisma/client/-/client-2.28.0.tgz#6cd91a3c2757814a9454ea23d7e33cd2ff3952db"
    integrity sha512-iwdxpy0Nz8N40MnhdlRvhZOBk8+GawpEsY5FU8Tfw1k9rvIeTAi+wBHrqhY8bXq6pneZkzrdQ1Hj3tqkrbRmoQ==
    dependencies:
      "@prisma/engines-version" "2.28.0-17.89facabd0366f63911d089156a7a70125bfbcd27"
  
  "@prisma/engines-version@2.28.0-17.89facabd0366f63911d089156a7a70125bfbcd27":
    version "2.28.0-17.89facabd0366f63911d089156a7a70125bfbcd27"
    resolved "https://registry.yarnpkg.com/@prisma/engines-version/-/engines-version-2.28.0-17.89facabd0366f63911d089156a7a70125bfbcd27.tgz#6dbccdce64f792dbc21c99daef80ec03020c110d"
    integrity sha512-BWTvF1mGxjG8EtG215uhxdeW5Uf5aiH4xhfzcFPFC3Ux5BdEM1uEBrLIixX67mI+ZNhqNZSBPf0DSf2I1IsaZw==
  
  "@prisma/engines@2.28.0-17.89facabd0366f63911d089156a7a70125bfbcd27":
    version "2.28.0-17.89facabd0366f63911d089156a7a70125bfbcd27"
    resolved "https://registry.yarnpkg.com/@prisma/engines/-/engines-2.28.0-17.89facabd0366f63911d089156a7a70125bfbcd27.tgz#5a563ead03405fc6ccb33fe48f8b3a8712be391e"
    integrity sha512-r3/EnwKjbu2qz13I98hPQQdeFrOEcwdjlrB9CcoSoqRCjSHLnpdVMUvRfYuRKIoEF7p941R7/Fov0/CxOLF/MQ==
  
  "@rsbear/gp-schematic@^0.0.20":
    version "0.0.20"
    resolved "https://registry.yarnpkg.com/@rsbear/gp-schematic/-/gp-schematic-0.0.20.tgz#d3c906030878e4b10d26fd9ec48a3752371ea6cf"
    integrity sha512-gQdhKu2rlirFr3IC8oolH1quv+9N4Fz3obrUIkDd8O/TiemgTmj03WUgWe2/9B3jm/NUx0BUINSEna9Vy3WM3w==
    dependencies:
      event-stream "^4.0.1"
      fs-extra "^10.0.0"
  
  duplexer@^0.1.1, duplexer@~0.1.1:
    version "0.1.2"
    resolved "https://registry.yarnpkg.com/duplexer/-/duplexer-0.1.2.tgz#3abe43aef3835f8ae077d136ddce0f276b0400e6"
    integrity sha512-jtD6YG370ZCIi/9GTaJKQxWTZD045+4R4hTk/x1UyoqadyJ9x9CgSi1RlVDQF8U2sxLLSnFkCaMihqljHIWgMg==
  
  event-stream@^4.0.1:
    version "4.0.1"
    resolved "https://registry.yarnpkg.com/event-stream/-/event-stream-4.0.1.tgz#4092808ec995d0dd75ea4580c1df6a74db2cde65"
    integrity sha512-qACXdu/9VHPBzcyhdOWR5/IahhGMf0roTeZJfzz077GwylcDd90yOHLouhmv7GJ5XzPi6ekaQWd8AvPP2nOvpA==
    dependencies:
      duplexer "^0.1.1"
      from "^0.1.7"
      map-stream "0.0.7"
      pause-stream "^0.0.11"
      split "^1.0.1"
      stream-combiner "^0.2.2"
      through "^2.3.8"
  
  from@^0.1.7:
    version "0.1.7"
    resolved "https://registry.yarnpkg.com/from/-/from-0.1.7.tgz#83c60afc58b9c56997007ed1a768b3ab303a44fe"
    integrity sha1-g8YK/Fi5xWmXAH7Rp2izqzA6RP4=
  
  fs-extra@^10.0.0:
    version "10.0.0"
    resolved "https://registry.yarnpkg.com/fs-extra/-/fs-extra-10.0.0.tgz#9ff61b655dde53fb34a82df84bb214ce802e17c1"
    integrity sha512-C5owb14u9eJwizKGdchcDUQeFtlSHHthBk8pbX9Vc1PFZrLombudjDnNns88aYslCyF6IY5SUw3Roz6xShcEIQ==
    dependencies:
      graceful-fs "^4.2.0"
      jsonfile "^6.0.1"
      universalify "^2.0.0"
  
  graceful-fs@^4.1.6, graceful-fs@^4.2.0:
    version "4.2.6"
    resolved "https://registry.yarnpkg.com/graceful-fs/-/graceful-fs-4.2.6.tgz#ff040b2b0853b23c3d31027523706f1885d76bee"
    integrity sha512-nTnJ528pbqxYanhpDYsi4Rd8MAeaBA67+RZ10CM1m3bTAVFEDcd5AuA4a6W5YkGZ1iNXHzZz8T6TBKLeBuNriQ==
  
  graphql@^15.5.1:
    version "15.5.1"
    resolved "https://registry.yarnpkg.com/graphql/-/graphql-15.5.1.tgz#f2f84415d8985e7b84731e7f3536f8bb9d383aad"
    integrity sha512-FeTRX67T3LoE3LWAxxOlW2K3Bz+rMYAC18rRguK4wgXaTZMiJwSUwDmPFo3UadAKbzirKIg5Qy+sNJXbpPRnQw==
  
  jsonfile@^6.0.1:
    version "6.1.0"
    resolved "https://registry.yarnpkg.com/jsonfile/-/jsonfile-6.1.0.tgz#bc55b2634793c679ec6403094eb13698a6ec0aae"
    integrity sha512-5dgndWOriYSm5cnYaJNhalLNDKOqFwyDB/rr1E9ZsGciGvKPs8R2xYGCacuf3z6K1YKDz182fd+fY3cn3pMqXQ==
    dependencies:
      universalify "^2.0.0"
    optionalDependencies:
      graceful-fs "^4.1.6"
  
  map-stream@0.0.7:
    version "0.0.7"
    resolved "https://registry.yarnpkg.com/map-stream/-/map-stream-0.0.7.tgz#8a1f07896d82b10926bd3744a2420009f88974a8"
    integrity sha1-ih8HiW2CsQkmvTdEokIACfiJdKg=
  
  pause-stream@^0.0.11:
    version "0.0.11"
    resolved "https://registry.yarnpkg.com/pause-stream/-/pause-stream-0.0.11.tgz#fe5a34b0cbce12b5aa6a2b403ee2e73b602f1445"
    integrity sha1-/lo0sMvOErWqaitAPuLnO2AvFEU=
    dependencies:
      through "~2.3"
  
  prisma@^2.28.0:
    version "2.28.0"
    resolved "https://registry.yarnpkg.com/prisma/-/prisma-2.28.0.tgz#33adb56e336d4c4569ec2f49df9b606771df15d0"
    integrity sha512-f83KPLy3xk07KMY4e5otNwP2I+GsdftjOfu3e8snXylnyAC1oEpRZNe7rmONr0vAI+Qgz3LFRArhWUE/dFjKIA==
    dependencies:
      "@prisma/engines" "2.28.0-17.89facabd0366f63911d089156a7a70125bfbcd27"
  
  split@^1.0.1:
    version "1.0.1"
    resolved "https://registry.yarnpkg.com/split/-/split-1.0.1.tgz#605bd9be303aa59fb35f9229fbea0ddec9ea07d9"
    integrity sha512-mTyOoPbrivtXnwnIxZRFYRrPNtEFKlpB2fvjSnCQUiAA6qAZzqwna5envK4uk6OIeP17CsdF3rSBGYVBsU0Tkg==
    dependencies:
      through "2"
  
  stream-combiner@^0.2.2:
    version "0.2.2"
    resolved "https://registry.yarnpkg.com/stream-combiner/-/stream-combiner-0.2.2.tgz#aec8cbac177b56b6f4fa479ced8c1912cee52858"
    integrity sha1-rsjLrBd7Vrb0+kec7YwZEs7lKFg=
    dependencies:
      duplexer "~0.1.1"
      through "~2.3.4"
  
  through@2, through@^2.3.8, through@~2.3, through@~2.3.4:
    version "2.3.8"
    resolved "https://registry.yarnpkg.com/through/-/through-2.3.8.tgz#0dd4c9ffaabc357960b1b724115d7e0e86a2e1f5"
    integrity sha1-DdTJ/6q8NXlgsbckEV1+Doai4fU=
  
  tiny-lru@^7.0.6:
    version "7.0.6"
    resolved "https://registry.yarnpkg.com/tiny-lru/-/tiny-lru-7.0.6.tgz#b0c3cdede1e5882aa2d1ae21cb2ceccf2a331f24"
    integrity sha512-zNYO0Kvgn5rXzWpL0y3RS09sMK67eGaQj9805jlK9G6pSadfriTczzLHFXa/xcW4mIRfmlB9HyQ/+SgL0V1uow==
  
  tslib@~2.3.0:
    version "2.3.0"
    resolved "https://registry.yarnpkg.com/tslib/-/tslib-2.3.0.tgz#803b8cdab3e12ba581a4ca41c8839bbb0dacb09e"
    integrity sha512-N82ooyxVNm6h1riLCoyS9e3fuJ3AMG2zIZs2Gd1ATcSFjSA23Q0fzjjZeh0jbJvWVDZ0cJT8yaNNaaXHzueNjg==
  
  universalify@^2.0.0:
    version "2.0.0"
    resolved "https://registry.yarnpkg.com/universalify/-/universalify-2.0.0.tgz#75a4984efedc4b08975c5aeb73f530d02df25717"
    integrity sha512-hAZsKq7Yy11Zu1DE0OzWjw7nnLZmJZYTDZZyEFHZdUhV8FkH5MCfoU1XMaxXovpyW5nq5scPqq0ZDP9Zyl04oQ==
  
  value-or-promise@1.0.10:
    version "1.0.10"
    resolved "https://registry.yarnpkg.com/value-or-promise/-/value-or-promise-1.0.10.tgz#5bf041f1e9a8e7043911875547636768a836e446"
    integrity sha512-1OwTzvcfXkAfabk60UVr5NdjtjJ0Fg0T5+B1bhxtrOEwSH2fe8y4DnLgoksfCyd8yZCOQQHB0qLMQnwgCjbXLQ==
